current directory: /Users/keitahagizaki/blog-app/path/ruby/2.6.0/gems/nokogiri-1.10.10/ext/nokogiri
/Users/keitahagizaki/.rbenv/versions/2.6.5/bin/ruby -I /Users/keitahagizaki/.rbenv/versions/2.6.5/lib/ruby/2.6.0 -r ./siteconf20200827-15563-rheyc2.rb extconf.rb
checking if the C compiler accepts  -I /Library/Developer/CommandLineTools/SDKs/MacOSX.sdk/usr/include/libxml2... no
checking if the C compiler accepts -Wno-error=unused-command-line-argument-hard-error-in-future... no
Building nokogiri using packaged libraries.
Using mini_portile version 2.4.0
checking for iconv.h... yes
checking for gzdopen() in -lz... yes
checking for iconv... yes
************************************************************************
IMPORTANT NOTICE:

Building Nokogiri with a packaged version of libxml2-2.9.10
with the following patches applied:
	- 0001-Revert-Do-not-URI-escape-in-server-side-includes.patch
	- 0002-Remove-script-macro-support.patch
	- 0003-Update-entities-to-remove-handling-of-ssi.patch
	- 0004-libxml2.la-is-in-top_builddir.patch
	- 0005-Fix-infinite-loop-in-xmlStringLenDecodeEntities.patch

Team Nokogiri will keep on doing their best to provide security
updates in a timely manner, but if this is a concern for you and want
to use the system library instead; abort this installation process and
reinstall nokogiri as follows:

    gem install nokogiri -- --use-system-libraries
        [--with-xml2-config=/path/to/xml2-config]
        [--with-xslt-config=/path/to/xslt-config]

If you are using Bundler, tell it to use the option:

    bundle config build.nokogiri --use-system-libraries
    bundle install

Note, however, that nokogiri is not fully compatible with arbitrary
versions of libxml2 provided by OS/package vendors.
************************************************************************
Extracting libxml2-2.9.10.tar.gz into tmp/x86_64-apple-darwin19.6.0/ports/libxml2/2.9.10... OK
Running git apply with /Users/keitahagizaki/blog-app/path/ruby/2.6.0/gems/nokogiri-1.10.10/patches/libxml2/0001-Revert-Do-not-URI-escape-in-server-side-includes.patch... OK
Running git apply with /Users/keitahagizaki/blog-app/path/ruby/2.6.0/gems/nokogiri-1.10.10/patches/libxml2/0002-Remove-script-macro-support.patch... OK
Running git apply with /Users/keitahagizaki/blog-app/path/ruby/2.6.0/gems/nokogiri-1.10.10/patches/libxml2/0003-Update-entities-to-remove-handling-of-ssi.patch... OK
Running git apply with /Users/keitahagizaki/blog-app/path/ruby/2.6.0/gems/nokogiri-1.10.10/patches/libxml2/0004-libxml2.la-is-in-top_builddir.patch... OK
Running git apply with /Users/keitahagizaki/blog-app/path/ruby/2.6.0/gems/nokogiri-1.10.10/patches/libxml2/0005-Fix-infinite-loop-in-xmlStringLenDecodeEntities.patch... OK
Running 'configure' for libxml2 2.9.10... OK
Running 'compile' for libxml2 2.9.10... OK
Running 'install' for libxml2 2.9.10... OK
Activating libxml2 2.9.10 (from /Users/keitahagizaki/blog-app/path/ruby/2.6.0/gems/nokogiri-1.10.10/ports/x86_64-apple-darwin19.6.0/libxml2/2.9.10)...
************************************************************************
IMPORTANT NOTICE:

Building Nokogiri with a packaged version of libxslt-1.1.34.

Team Nokogiri will keep on doing their best to provide security
updates in a timely manner, but if this is a concern for you and want
to use the system library instead; abort this installation process and
reinstall nokogiri as follows:

    gem install nokogiri -- --use-system-libraries
        [--with-xml2-config=/path/to/xml2-config]
        [--with-xslt-config=/path/to/xslt-config]

If you are using Bundler, tell it to use the option:

    bundle config build.nokogiri --use-system-libraries
    bundle install
************************************************************************
Extracting libxslt-1.1.34.tar.gz into tmp/x86_64-apple-darwin19.6.0/ports/libxslt/1.1.34... OK
Running 'configure' for libxslt 1.1.34... OK
Running 'compile' for libxslt 1.1.34... OK
Running 'install' for libxslt 1.1.34... OK
Activating libxslt 1.1.34 (from /Users/keitahagizaki/blog-app/path/ruby/2.6.0/gems/nokogiri-1.10.10/ports/x86_64-apple-darwin19.6.0/libxslt/1.1.34)...
checking for -llzma... yes
checking for xmlParseDoc() in libxml/parser.h... yes
checking for xsltParseStylesheetDoc() in libxslt/xslt.h... yes
checking for exsltFuncRegister() in libexslt/exslt.h... yes
checking for xmlHasFeature()... yes
checking for xmlFirstElementChild()... yes
checking for xmlRelaxNGSetParserStructuredErrors()... yes
checking for xmlRelaxNGSetParserStructuredErrors()... yes
checking for xmlRelaxNGSetValidStructuredErrors()... yes
checking for xmlSchemaSetValidStructuredErrors()... yes
checking for xmlSchemaSetParserStructuredErrors()... yes
creating Makefile

current directory: /Users/keitahagizaki/blog-app/path/ruby/2.6.0/gems/nokogiri-1.10.10/ext/nokogiri
make "DESTDIR=" clean

current directory: /Users/keitahagizaki/blog-app/path/ruby/2.6.0/gems/nokogiri-1.10.10/ext/nokogiri
make "DESTDIR="
compiling html_document.c
warning: unknown warning option '-Wmisleading-indentation'; did you mean '-Wbinding-in-condition'? [-Wunknown-warning-option]
1 warning generated.
compiling html_element_description.c
warning: unknown warning option '-Wmisleading-indentation'; did you mean '-Wbinding-in-condition'? [-Wunknown-warning-option]
1 warning generated.
compiling html_entity_lookup.c
warning: unknown warning option '-Wmisleading-indentation'; did you mean '-Wbinding-in-condition'? [-Wunknown-warning-option]
1 warning generated.
compiling html_sax_parser_context.c
warning: unknown warning option '-Wmisleading-indentation'; did you mean '-Wbinding-in-condition'? [-Wunknown-warning-option]
1 warning generated.
compiling html_sax_push_parser.c
warning: unknown warning option '-Wmisleading-indentation'; did you mean '-Wbinding-in-condition'? [-Wunknown-warning-option]
1 warning generated.
compiling nokogiri.c
warning: unknown warning option '-Wmisleading-indentation'; did you mean '-Wbinding-in-condition'? [-Wunknown-warning-option]
1 warning generated.
compiling xml_attr.c
warning: unknown warning option '-Wmisleading-indentation'; did you mean '-Wbinding-in-condition'? [-Wunknown-warning-option]
1 warning generated.
compiling xml_attribute_decl.c
warning: unknown warning option '-Wmisleading-indentation'; did you mean '-Wbinding-in-condition'? [-Wunknown-warning-option]
1 warning generated.
compiling xml_cdata.c
warning: unknown warning option '-Wmisleading-indentation'; did you mean '-Wbinding-in-condition'? [-Wunknown-warning-option]
xml_cdata.c:29:23: warning: implicit conversion loses integer precision: 'long' to 'int' [-Wshorten-64-to-32]
    content_str_len = RSTRING_LEN(content);
                    ~ ^~~~~~~~~~~~~~~~~~~~
/Users/keitahagizaki/.rbenv/versions/2.6.5/include/ruby-2.6.0/ruby/ruby.h:1000:6: note: expanded from macro 'RSTRING_LEN'
     RSTRING_EMBED_LEN(str) : \
     ^~~~~~~~~~~~~~~~~~~~~~
/Users/keitahagizaki/.rbenv/versions/2.6.5/include/ruby-2.6.0/ruby/ruby.h:996:6: note: expanded from macro 'RSTRING_EMBED_LEN'
     (long)((RBASIC(str)->flags >> RSTRING_EMBED_LEN_SHIFT) & \
     ^~~~~~~~~~~~~~~~~~~~~~~~~~~~~~~~~~~~~~~~~~~~~~~~~~~~~~~~~~
xml_cdata.c:29:23: warning: implicit conversion loses integer precision: 'long' to 'int' [-Wshorten-64-to-32]
    content_str_len = RSTRING_LEN(content);
                    ~ ^~~~~~~~~~~~~~~~~~~~
/Users/keitahagizaki/.rbenv/versions/2.6.5/include/ruby-2.6.0/ruby/ruby.h:1001:28: note: expanded from macro 'RSTRING_LEN'
     RSTRING(str)->as.heap.len)
     ~~~~~~~~~~~~~~~~~~~~~~^~~
3 warnings generated.
compiling xml_comment.c
warning: unknown warning option '-Wmisleading-indentation'; did you mean '-Wbinding-in-condition'? [-Wunknown-warning-option]
1 warning generated.
compiling xml_document.c
warning: unknown warning option '-Wmisleading-indentation'; did you mean '-Wbinding-in-condition'? [-Wunknown-warning-option]
1 warning generated.
compiling xml_document_fragment.c
warning: unknown warning option '-Wmisleading-indentation'; did you mean '-Wbinding-in-condition'? [-Wunknown-warning-option]
1 warning generated.
compiling xml_dtd.c
warning: unknown warning option '-Wmisleading-indentation'; did you mean '-Wbinding-in-condition'? [-Wunknown-warning-option]
1 warning generated.
compiling xml_element_content.c
warning: unknown warning option '-Wmisleading-indentation'; did you mean '-Wbinding-in-condition'? [-Wunknown-warning-option]
1 warning generated.
compiling xml_element_decl.c
warning: unknown warning option '-Wmisleading-indentation'; did you mean '-Wbinding-in-condition'? [-Wunknown-warning-option]
1 warning generated.
compiling xml_encoding_handler.c
warning: unknown warning option '-Wmisleading-indentation'; did you mean '-Wbinding-in-condition'? [-Wunknown-warning-option]
1 warning generated.
compiling xml_entity_decl.c
warning: unknown warning option '-Wmisleading-indentation'; did you mean '-Wbinding-in-condition'? [-Wunknown-warning-option]
1 warning generated.
compiling xml_entity_reference.c
warning: unknown warning option '-Wmisleading-indentation'; did you mean '-Wbinding-in-condition'? [-Wunknown-warning-option]
1 warning generated.
compiling xml_io.c
warning: unknown warning option '-Wmisleading-indentation'; did you mean '-Wbinding-in-condition'? [-Wunknown-warning-option]
1 warning generated.
compiling xml_libxml2_hacks.c
warning: unknown warning option '-Wmisleading-indentation'; did you mean '-Wbinding-in-condition'? [-Wunknown-warning-option]
1 warning generated.
compiling xml_namespace.c
warning: unknown warning option '-Wmisleading-indentation'; did you mean '-Wbinding-in-condition'? [-Wunknown-warning-option]
1 warning generated.
compiling xml_node.c
warning: unknown warning option '-Wmisleading-indentation'; did you mean '-Wbinding-in-condition'? [-Wunknown-warning-option]
xml_node.c:304:15: warning: passing 'const xmlChar *' (aka 'const unsigned char *') to parameter of type 'void *' discards qualifiers [-Wincompatible-pointer-types-discards-qualifiers]
      xmlFree(reparentee->ns->prefix);
              ^~~~~~~~~~~~~~~~~~~~~~
2 warnings generated.
compiling xml_node_set.c
warning: unknown warning option '-Wmisleading-indentation'; did you mean '-Wbinding-in-condition'? [-Wunknown-warning-option]
1 warning generated.
compiling xml_processing_instruction.c
warning: unknown warning option '-Wmisleading-indentation'; did you mean '-Wbinding-in-condition'? [-Wunknown-warning-option]
1 warning generated.
compiling xml_reader.c
warning: unknown warning option '-Wmisleading-indentation'; did you mean '-Wbinding-in-condition'? [-Wunknown-warning-option]
1 warning generated.
compiling xml_relax_ng.c
warning: unknown warning option '-Wmisleading-indentation'; did you mean '-Wbinding-in-condition'? [-Wunknown-warning-option]
1 warning generated.
compiling xml_sax_parser.c
warning: unknown warning option '-Wmisleading-indentation'; did you mean '-Wbinding-in-condition'? [-Wunknown-warning-option]
1 warning generated.
compiling xml_sax_parser_context.c
warning: unknown warning option '-Wmisleading-indentation'; did you mean '-Wbinding-in-condition'? [-Wunknown-warning-option]
1 warning generated.
compiling xml_sax_push_parser.c
warning: unknown warning option '-Wmisleading-indentation'; did you mean '-Wbinding-in-condition'? [-Wunknown-warning-option]
1 warning generated.
compiling xml_schema.c
warning: unknown warning option '-Wmisleading-indentation'; did you mean '-Wbinding-in-condition'? [-Wunknown-warning-option]
1 warning generated.
compiling xml_syntax_error.c
warning: unknown warning option '-Wmisleading-indentation'; did you mean '-Wbinding-in-condition'? [-Wunknown-warning-option]
1 warning generated.
compiling xml_text.c
warning: unknown warning option '-Wmisleading-indentation'; did you mean '-Wbinding-in-condition'? [-Wunknown-warning-option]
1 warning generated.
compiling xml_xpath_context.c
warning: unknown warning option '-Wmisleading-indentation'; did you mean '-Wbinding-in-condition'? [-Wunknown-warning-option]
1 warning generated.
compiling xslt_stylesheet.c
warning: unknown warning option '-Wmisleading-indentation'; did you mean '-Wbinding-in-condition'? [-Wunknown-warning-option]
xslt_stylesheet.c:112:13: warning: unused function 'swallow_superfluous_xml_errors' [-Wunused-function]
static void swallow_superfluous_xml_errors(void * userdata, xmlErrorPtr error, ...)
            ^
2 warnings generated.
linking shared-object nokogiri/nokogiri.bundle
Cleaning files only used during build.
rm -rf /Users/keitahagizaki/blog-app/path/ruby/2.6.0/gems/nokogiri-1.10.10/ext/nokogiri/tmp/x86_64-apple-darwin19.6.0/ports
rm -rf /Users/keitahagizaki/blog-app/path/ruby/2.6.0/gems/nokogiri-1.10.10/ports

current directory: /Users/keitahagizaki/blog-app/path/ruby/2.6.0/gems/nokogiri-1.10.10/ext/nokogiri
make "DESTDIR=" install
/usr/bin/install -c -m 0755 nokogiri.bundle ./.gem.20200827-15563-1n8kjaq/nokogiri
