current directory: /Users/keitahagizaki/blog-app/path/ruby/2.6.0/gems/byebug-11.1.3/ext/byebug
/Users/keitahagizaki/.rbenv/versions/2.6.5/bin/ruby -I /Users/keitahagizaki/.rbenv/versions/2.6.5/lib/ruby/2.6.0 -r ./siteconf20200827-15563-mmnli.rb extconf.rb
creating Makefile

current directory: /Users/keitahagizaki/blog-app/path/ruby/2.6.0/gems/byebug-11.1.3/ext/byebug
make "DESTDIR=" clean

current directory: /Users/keitahagizaki/blog-app/path/ruby/2.6.0/gems/byebug-11.1.3/ext/byebug
make "DESTDIR="
compiling breakpoint.c
warning: unknown warning option '-Wmisleading-indentation'; did you mean '-Wbinding-in-condition'? [-Wunknown-warning-option]
1 warning generated.
compiling byebug.c
warning: unknown warning option '-Wmisleading-indentation'; did you mean '-Wbinding-in-condition'? [-Wunknown-warning-option]
1 warning generated.
compiling context.c
warning: unknown warning option '-Wmisleading-indentation'; did you mean '-Wbinding-in-condition'? [-Wunknown-warning-option]
1 warning generated.
compiling locker.c
warning: unknown warning option '-Wmisleading-indentation'; did you mean '-Wbinding-in-condition'? [-Wunknown-warning-option]
1 warning generated.
compiling threads.c
warning: unknown warning option '-Wmisleading-indentation'; did you mean '-Wbinding-in-condition'? [-Wunknown-warning-option]
1 warning generated.
linking shared-object byebug/byebug.bundle

current directory: /Users/keitahagizaki/blog-app/path/ruby/2.6.0/gems/byebug-11.1.3/ext/byebug
make "DESTDIR=" install
/usr/bin/install -c -m 0755 byebug.bundle ./.gem.20200827-15563-1w04nwo/byebug
