current directory: /Users/keitahagizaki/blog-app/path/ruby/2.6.0/gems/msgpack-1.3.3/ext/msgpack
/Users/keitahagizaki/.rbenv/versions/2.6.5/bin/ruby -I /Users/keitahagizaki/.rbenv/versions/2.6.5/lib/ruby/2.6.0 -r ./siteconf20200827-15563-1u2u0ko.rb extconf.rb
checking for ruby/st.h... yes
checking for st.h... yes
checking for rb_str_replace() in ruby.h... yes
checking for rb_intern_str() in ruby.h... yes
checking for rb_sym2str() in ruby.h... yes
checking for rb_str_intern() in ruby.h... yes
checking for rb_block_lambda() in ruby.h... yes
checking for rb_hash_dup() in ruby.h... yes
checking for rb_hash_clear() in ruby.h... yes
creating Makefile

current directory: /Users/keitahagizaki/blog-app/path/ruby/2.6.0/gems/msgpack-1.3.3/ext/msgpack
make "DESTDIR=" clean

current directory: /Users/keitahagizaki/blog-app/path/ruby/2.6.0/gems/msgpack-1.3.3/ext/msgpack
make "DESTDIR="
compiling buffer.c
warning: unknown warning option '-Wmisleading-indentation'; did you mean '-Wbinding-in-condition'? [-Wunknown-warning-option]
1 warning generated.
compiling buffer_class.c
warning: unknown warning option '-Wmisleading-indentation'; did you mean '-Wbinding-in-condition'? [-Wunknown-warning-option]
1 warning generated.
compiling extension_value_class.c
warning: unknown warning option '-Wmisleading-indentation'; did you mean '-Wbinding-in-condition'? [-Wunknown-warning-option]
1 warning generated.
compiling factory_class.c
warning: unknown warning option '-Wmisleading-indentation'; did you mean '-Wbinding-in-condition'? [-Wunknown-warning-option]
1 warning generated.
compiling packer.c
warning: unknown warning option '-Wmisleading-indentation'; did you mean '-Wbinding-in-condition'? [-Wunknown-warning-option]
1 warning generated.
compiling packer_class.c
warning: unknown warning option '-Wmisleading-indentation'; did you mean '-Wbinding-in-condition'? [-Wunknown-warning-option]
1 warning generated.
compiling packer_ext_registry.c
warning: unknown warning option '-Wmisleading-indentation'; did you mean '-Wbinding-in-condition'? [-Wunknown-warning-option]
1 warning generated.
compiling rbinit.c
warning: unknown warning option '-Wmisleading-indentation'; did you mean '-Wbinding-in-condition'? [-Wunknown-warning-option]
1 warning generated.
compiling rmem.c
warning: unknown warning option '-Wmisleading-indentation'; did you mean '-Wbinding-in-condition'? [-Wunknown-warning-option]
1 warning generated.
compiling unpacker.c
warning: unknown warning option '-Wmisleading-indentation'; did you mean '-Wbinding-in-condition'? [-Wunknown-warning-option]
1 warning generated.
compiling unpacker_class.c
warning: unknown warning option '-Wmisleading-indentation'; did you mean '-Wbinding-in-condition'? [-Wunknown-warning-option]
unpacker_class.c:128:1: warning: function 'raise_unpacker_error' could be declared with attribute 'noreturn' [-Wmissing-noreturn]
{
^
unpacker_class.c:216:14: warning: unused function 'Unpacker_peek_next_type' [-Wunused-function]
static VALUE Unpacker_peek_next_type(VALUE self)
             ^
3 warnings generated.
compiling unpacker_ext_registry.c
warning: unknown warning option '-Wmisleading-indentation'; did you mean '-Wbinding-in-condition'? [-Wunknown-warning-option]
1 warning generated.
linking shared-object msgpack/msgpack.bundle

current directory: /Users/keitahagizaki/blog-app/path/ruby/2.6.0/gems/msgpack-1.3.3/ext/msgpack
make "DESTDIR=" install
/usr/bin/install -c -m 0755 msgpack.bundle ./.gem.20200827-15563-bmiveo/msgpack
